Build started 08/01/2016 17:57:05.
     1>Project "C:\Users\David Soares\Documents\GitHub\POO_1516_Dsoares_JNogueira\POO_1516_JNogueira_DSoares\POO_1516_JNogueira_DSoares\POO_1516_JNogueira_DSoares.vcxproj" on node 2 (Build target(s)).
     1>ClCompile:
         C:\Program Files (x86)\Microsoft Visual Studio 14.0\VC\bin\CL.exe /c /ZI /nologo /W3 /WX- /sdl /Od /Oy- /D WIN32 /D _DEBUG /D _CONSOLE /D _UNICODE /D UNICODE /Gm /EHsc /RTC1 /MDd /GS /fp:precise /Zc:wchar_t /Zc:forScope /Zc:inline /Fo"Debug\\" /Fd"Debug\vc140.pdb" /Gd /TP /analyze- /errorReport:prompt Interface.cpp
         Interface.cpp
       Link:
         C:\Program Files (x86)\Microsoft Visual Studio 14.0\VC\bin\link.exe /ERRORREPORT:PROMPT /OUT:"C:\Users\David Soares\Documents\GitHub\POO_1516_Dsoares_JNogueira\POO_1516_JNogueira_DSoares\Debug\POO_1516_JNogueira_DSoares.exe" /INCREMENTAL /NOLOGO kernel32.lib user32.lib gdi32.lib winspool.lib comdlg32.lib advapi32.lib shell32.lib ole32.lib oleaut32.lib uuid.lib odbc32.lib odbccp32.lib /MANIFEST /MANIFESTUAC:"level='asInvoker' uiAccess='false'" /manifest:embed /Debug /PDB:"C:\Users\David Soares\Documents\GitHub\POO_1516_Dsoares_JNogueira\POO_1516_JNogueira_DSoares\Debug\POO_1516_JNogueira_DSoares.pdb" /SUBSYSTEM:CONSOLE /TLBID:1 /DYNAMICBASE /NXCOMPAT /IMPLIB:"C:\Users\David Soares\Documents\GitHub\POO_1516_Dsoares_JNogueira\POO_1516_JNogueira_DSoares\Debug\POO_1516_JNogueira_DSoares.lib" /MACHINE:X86 Debug\POO_1516_JNogueira_DSoares.res
         Debug\Beliche.obj
         Debug\comandos.obj
         Debug\consola.obj
         Debug\Controlo_Escudo.obj
         Debug\Interface.obj
         Debug\Memb_Trip.obj
         Debug\Nave.obj
         Debug\Ponte.obj
         Debug\Propulsor.obj
         Debug\Sala.obj
         Debug\Sala_Maquinas.obj
         Debug\Suporte_Vida.obj
         Debug\Tripulacao.obj
         Debug\Unidade.obj
         Debug\main.obj
         bass.lib
         LINK : C:\Users\David Soares\Documents\GitHub\POO_1516_Dsoares_JNogueira\POO_1516_JNogueira_DSoares\Debug\POO_1516_JNogueira_DSoares.exe not found or not built by the last incremental link; performing full link
         POO_1516_JNogueira_DSoares.vcxproj -> C:\Users\David Soares\Documents\GitHub\POO_1516_Dsoares_JNogueira\POO_1516_JNogueira_DSoares\Debug\POO_1516_JNogueira_DSoares.exe
     1>Done Building Project "C:\Users\David Soares\Documents\GitHub\POO_1516_Dsoares_JNogueira\POO_1516_JNogueira_DSoares\POO_1516_JNogueira_DSoares\POO_1516_JNogueira_DSoares.vcxproj" (Build target(s)).

Build succeeded.

Time Elapsed 00:00:02.30
